\BOOKMARK [1][-]{section.1}{Introduction\040}{}% 1
\BOOKMARK [1][-]{section.2}{Context\040and\040State\040of\040the\040Art\040}{}% 2
\BOOKMARK [2][-]{subsection.2.1}{Bayesian\040Optimization\040}{section.2}% 3
\BOOKMARK [3][-]{subsubsection.2.1.1}{Contextual\040Bayesian\040Optimization\040of\040IT\040systems}{subsection.2.1}% 4
\BOOKMARK [2][-]{subsection.2.2}{Workload\040Characterization}{section.2}% 5
\BOOKMARK [2][-]{subsection.2.3}{Clustering\040}{section.2}% 6
\BOOKMARK [2][-]{subsection.2.4}{Forecasting\040}{section.2}% 7
\BOOKMARK [3][-]{subsubsection.2.4.1}{Exponential\040Smoothing}{subsection.2.4}% 8
\BOOKMARK [3][-]{subsubsection.2.4.2}{ARMA\040models}{subsection.2.4}% 9
\BOOKMARK [3][-]{subsubsection.2.4.3}{Prophet\040}{subsection.2.4}% 10
\BOOKMARK [3][-]{subsubsection.2.4.4}{ML\040models}{subsection.2.4}% 11
\BOOKMARK [3][-]{subsubsection.2.4.5}{DeepAR\040}{subsection.2.4}% 12
\BOOKMARK [3][-]{subsubsection.2.4.6}{DeepState\040}{subsection.2.4}% 13
\BOOKMARK [3][-]{subsubsection.2.4.7}{Multi\040Quantile\040Recurrent\040Forecaster\040}{subsection.2.4}% 14
\BOOKMARK [2][-]{subsection.2.5}{Workload\040Forecasting\040}{section.2}% 15
\BOOKMARK [1][-]{section.3}{Proposed\040solution\040and\040approach\040}{}% 16
\BOOKMARK [2][-]{subsection.3.1}{Online\040Contextual\040Gaussian\040Process\040Tuner}{section.3}% 17
\BOOKMARK [2][-]{subsection.3.2}{Forecasting\040Module}{section.3}% 18
\BOOKMARK [2][-]{subsection.3.3}{Stable\040Window\040Finder}{section.3}% 19
\BOOKMARK [2][-]{subsection.3.4}{Workload\040Characterization\040Module}{section.3}% 20
\BOOKMARK [1][-]{section.4}{Experimental\040Setup\040}{}% 21
\BOOKMARK [2][-]{subsection.4.1}{Workload\040Forecasting\040}{section.4}% 22
\BOOKMARK [2][-]{subsection.4.2}{Stable\040Window\040Finder\040}{section.4}% 23
\BOOKMARK [2][-]{subsection.4.3}{Online\040Contextual\040Gaussian\040Process\040Tuner\040}{section.4}% 24
\BOOKMARK [1][-]{section.5}{Results\040}{}% 25
\BOOKMARK [2][-]{subsection.5.1}{Forecasting}{section.5}% 26
\BOOKMARK [3][-]{subsubsection.5.1.1}{Daily\040Time\040Series}{subsection.5.1}% 27
\BOOKMARK [3][-]{subsubsection.5.1.2}{Weekly\040time\040series}{subsection.5.1}% 28
\BOOKMARK [3][-]{subsubsection.5.1.3}{Real-world\040time\040series}{subsection.5.1}% 29
\BOOKMARK [3][-]{subsubsection.5.1.4}{Taxi\040time\040series}{subsection.5.1}% 30
\BOOKMARK [3][-]{subsubsection.5.1.5}{Forecasting\040results\040conclusions}{subsection.5.1}% 31
\BOOKMARK [2][-]{subsection.5.2}{Workload\040Characterization\040}{section.5}% 32
\BOOKMARK [2][-]{subsection.5.3}{Online\040Contextual\040Gaussian\040Process\040Tuner}{section.5}% 33
\BOOKMARK [1][-]{section.6}{Conclusions\040and\040future\040work}{}% 34
